#
# An unexpected error has been detected by Java Runtime Environment:
#
#  EXCEPTION_ACCESS_VIOLATION (0xc0000005) at pc=0x000000006da3b2d8, pid=1300, tid=4660
#
# Java VM: Java HotSpot(TM) 64-Bit Server VM (11.3-b02 mixed mode windows-amd64)
# Problematic frame:
# V  [jvm.dll+0x1ab2d8]
#
# If you would like to submit a bug report, please visit:
#   http://java.sun.com/webapps/bugreport/crash.jsp
#

---------------  T H R E A D  ---------------

Current thread (0x0000000006367800):  JavaThread "Java2D Disposer" daemon [_thread_in_vm, id=4660, stack(0x0000000006d80000,0x0000000006e80000)]

siginfo: ExceptionCode=0xc0000005, reading address 0x0000000000000011

Registers:
EAX=0x0000000006e7f478, EBX=0x00000000062a33d8, ECX=0x0000000000000000, EDX=0x0000000006367800
ESP=0x0000000006e7f3d0, EBP=0x0000000000000000, ESI=0x00000000062a13a0, EDI=0x0000000006e7f650
EIP=0x000000006da3b2d8, EFLAGS=0x0000000000010203

Top of Stack: (sp=0x0000000006e7f3d0)
0x0000000006e7f3d0:   0000000000000040 00000000001a0cc0
0x0000000006e7f3e0:   000000000000001c 0000000006367800
0x0000000006e7f3f0:   0000000006367800 0000000000000040
0x0000000006e7f400:   00000000062a13a0 00000000062a4f20
0x0000000006e7f410:   00000000062a4f30 00000000062a5308
0x0000000006e7f420:   0000000000000030 0000000006e7f540
0x0000000006e7f430:   0000000000000004 00007ffef2ef7a68
0x0000000006e7f440:   0000000006367800 0000000000000000
0x0000000006e7f450:   0000000000000030 0000000006e7f650
0x0000000006e7f460:   00000000063679c0 000000006da2f52c
0x0000000006e7f470:   0000000006010101 00000000062a33d0
0x0000000006e7f480:   0000000006e7f301 0000000000000012
0x0000000006e7f490:   0000000000000090 00000000062734d0
0x0000000006e7f4a0:   000000000012f700 0000000000000012
0x0000000006e7f4b0:   0000000200000012 000000006dc19fd2
0x0000000006e7f4c0:   0000000000000080 0000000000000080 

Instructions: (pc=0x000000006da3b2d8)
0x000000006da3b2c8:   00 00 4c 89 2c c8 ff 84 24 98 01 00 00 4c 8b 03
0x000000006da3b2d8:   49 8b 40 10 4d 8b 40 18 0f b7 48 3a 4d 8b 44 c8 


Stack: [0x0000000006d80000,0x0000000006e80000],  sp=0x0000000006e7f3d0,  free space=1020k
Native frames: (J=compiled Java code, j=interpreted, Vv=VM code, C=native code)
V  [jvm.dll+0x1ab2d8]

[error occurred during error reporting (printing native stack), id 0xc0000005]

Java frames: (J=compiled Java code, j=interpreted, Vv=VM code)
j  java.awt.Cursor.finalizeImpl(J)V+0
j  java.awt.Cursor.access$000(J)V+1
j  java.awt.Cursor$CursorDisposer.dispose()V+13
j  sun.java2d.Disposer.run()V+26
j  java.lang.Thread.run()V+11
v  ~StubRoutines::call_stub

---------------  P R O C E S S  ---------------

Java Threads: ( => current thread )
  0x000000000e130400 JavaThread "Thread-1" daemon [_thread_in_native, id=7592, stack(0x000000000f300000,0x000000000f400000)]
  0x0000000008e4dc00 JavaThread "Abandoned connection cleanup thread" daemon [_thread_blocked, id=8336, stack(0x000000000de30000,0x000000000df30000)]
  0x0000000008e4a000 JavaThread "TimerQueue" daemon [_thread_blocked, id=4856, stack(0x00000000096a0000,0x00000000097a0000)]
  0x000000000002c400 JavaThread "DestroyJavaVM" [_thread_blocked, id=11288, stack(0x0000000002440000,0x0000000002540000)]
  0x000000000636c000 JavaThread "AWT-EventQueue-0" [_thread_blocked, id=11472, stack(0x0000000007160000,0x0000000007260000)]
  0x0000000006368800 JavaThread "AWT-Windows" daemon [_thread_blocked, id=7820, stack(0x0000000007060000,0x0000000007160000)]
  0x0000000006368000 JavaThread "AWT-Shutdown" [_thread_blocked, id=11512, stack(0x0000000006f60000,0x0000000007060000)]
=>0x0000000006367800 JavaThread "Java2D Disposer" daemon [_thread_in_vm, id=4660, stack(0x0000000006d80000,0x0000000006e80000)]
  0x00000000062a1800 JavaThread "Low Memory Detector" daemon [_thread_blocked, id=7000, stack(0x0000000006ae0000,0x0000000006be0000)]
  0x000000000629bc00 JavaThread "CompilerThread1" daemon [_thread_blocked, id=11376, stack(0x00000000069e0000,0x0000000006ae0000)]
  0x0000000006294c00 JavaThread "CompilerThread0" daemon [_thread_blocked, id=9092, stack(0x00000000068e0000,0x00000000069e0000)]
  0x0000000006294400 JavaThread "Attach Listener" daemon [_thread_blocked, id=4064, stack(0x00000000067e0000,0x00000000068e0000)]
  0x0000000006293800 JavaThread "Signal Dispatcher" daemon [_thread_blocked, id=8304, stack(0x00000000066e0000,0x00000000067e0000)]
  0x000000000263e000 JavaThread "Finalizer" daemon [_thread_blocked, id=3728, stack(0x00000000065e0000,0x00000000066e0000)]
  0x000000000263d000 JavaThread "Reference Handler" daemon [_thread_blocked, id=8660, stack(0x00000000064e0000,0x00000000065e0000)]

Other Threads:
  0x0000000006241c00 VMThread [stack: 0x00000000063e0000,0x00000000064e0000] [id=728]
  0x00000000062a2000 WatcherThread [stack: 0x0000000006be0000,0x0000000006ce0000] [id=2520]

VM state:synchronizing (normal execution)

VM Mutex/Monitor currently owned by a thread:  ([mutex/lock_event])
[0x0000000000029ec0] UNKNOWN - owner thread: 0x0000000006241c00

Heap
 PSYoungGen      total 37824K, used 8619K [0x00000000d9bf0000, 0x00000000dc620000, 0x0000000103ff0000)
  eden space 32448K, 10% used [0x00000000d9bf0000,0x00000000d9f1e8e8,0x00000000dbba0000)
  from space 5376K, 99% used [0x00000000dbba0000,0x00000000dc0dc540,0x00000000dc0e0000)
  to   space 5376K, 0% used [0x00000000dc0e0000,0x00000000dc0e0000,0x00000000dc620000)
 PSOldGen        total 86528K, used 464K [0x00000000853f0000, 0x000000008a870000, 0x00000000d9bf0000)
  object space 86528K, 0% used [0x00000000853f0000,0x0000000085464200,0x000000008a870000)
 PSPermGen       total 21248K, used 17595K [0x000000007fff0000, 0x00000000814b0000, 0x00000000853f0000)
  object space 21248K, 82% used [0x000000007fff0000,0x000000008111ee60,0x00000000814b0000)

Dynamic libraries:
0x0000000000400000 - 0x000000000042e000 	C:\Users\caiyikai\MyEclipse\Common\binary\com.sun.java.jdk.win32.x86_64_1.6.0.013\bin\javaw.exe
0x00007ffef2ec0000 - 0x00007ffef3091000 	C:\Windows\SYSTEM32\ntdll.dll
0x00007ffef2cc0000 - 0x00007ffef2d6b000 	C:\Windows\System32\KERNEL32.DLL
0x00007ffeef6a0000 - 0x00007ffeef8bd000 	C:\Windows\System32\KERNELBASE.dll
0x00007ffef0460000 - 0x00007ffef0502000 	C:\Windows\System32\ADVAPI32.dll
0x00007ffef0ba0000 - 0x00007ffef0c3e000 	C:\Windows\System32\msvcrt.dll
0x00007ffef0ef0000 - 0x00007ffef0f49000 	C:\Windows\System32\sechost.dll
0x00007ffef1650000 - 0x00007ffef1771000 	C:\Windows\System32\RPCRT4.dll
0x00007ffef05f0000 - 0x00007ffef0755000 	C:\Windows\System32\USER32.dll
0x00007ffef0430000 - 0x00007ffef044e000 	C:\Windows\System32\win32u.dll
0x00007ffef0510000 - 0x00007ffef0544000 	C:\Windows\System32\GDI32.dll
0x00007ffeefbc0000 - 0x00007ffeefd42000 	C:\Windows\System32\gdi32full.dll
0x00007ffef2c90000 - 0x00007ffef2cbe000 	C:\Windows\System32\IMM32.DLL
0x000000006d890000 - 0x000000006de48000 	C:\Users\caiyikai\MyEclipse\Common\binary\com.sun.java.jdk.win32.x86_64_1.6.0.013\jre\bin\server\jvm.dll
0x00007ffeed240000 - 0x00007ffeed263000 	C:\Windows\SYSTEM32\WINMM.dll
0x00007ffeed1e0000 - 0x00007ffeed20b000 	C:\Windows\SYSTEM32\WINMMBASE.dll
0x00007ffeefb70000 - 0x00007ffeefbb2000 	C:\Windows\System32\cfgmgr32.dll
0x000000006d3b0000 - 0x000000006d3ba000 	C:\Users\caiyikai\MyEclipse\Common\binary\com.sun.java.jdk.win32.x86_64_1.6.0.013\jre\bin\hpi.dll
0x00007ffef0b30000 - 0x00007ffef0b38000 	C:\Windows\System32\PSAPI.DLL
0x000000006d800000 - 0x000000006d80e000 	C:\Users\caiyikai\MyEclipse\Common\binary\com.sun.java.jdk.win32.x86_64_1.6.0.013\jre\bin\verify.dll
0x000000006d450000 - 0x000000006d477000 	C:\Users\caiyikai\MyEclipse\Common\binary\com.sun.java.jdk.win32.x86_64_1.6.0.013\jre\bin\java.dll
0x000000006d850000 - 0x000000006d862000 	C:\Users\caiyikai\MyEclipse\Common\binary\com.sun.java.jdk.win32.x86_64_1.6.0.013\jre\bin\zip.dll
0x000000006d0a0000 - 0x000000006d262000 	C:\Users\caiyikai\MyEclipse\Common\binary\com.sun.java.jdk.win32.x86_64_1.6.0.013\jre\bin\awt.dll
0x00007ffef2d70000 - 0x00007ffef2ea7000 	C:\Windows\System32\ole32.dll
0x00007ffef0760000 - 0x00007ffef0a28000 	C:\Windows\System32\combase.dll
0x00007ffee17d0000 - 0x00007ffee1855000 	C:\Windows\SYSTEM32\WINSPOOL.DRV
0x00007ffeefa70000 - 0x00007ffeefb65000 	C:\Windows\System32\ucrtbase.dll
0x00007ffeef460000 - 0x00007ffeef4ca000 	C:\Windows\System32\bcryptPrimitives.dll
0x00007ffef1780000 - 0x00007ffef2c89000 	C:\Windows\System32\SHELL32.dll
0x00007ffeefd50000 - 0x00007ffef042a000 	C:\Windows\System32\windows.storage.dll
0x00007ffeef360000 - 0x00007ffeef3ac000 	C:\Windows\System32\powrprof.dll
0x00007ffef1380000 - 0x00007ffef13d2000 	C:\Windows\System32\shlwapi.dll
0x00007ffeef350000 - 0x00007ffeef35f000 	C:\Windows\System32\kernel.appcore.dll
0x00007ffeef3b0000 - 0x00007ffeef459000 	C:\Windows\System32\shcore.dll
0x00007ffeef260000 - 0x00007ffeef28b000 	C:\Windows\SYSTEM32\bcrypt.dll
0x00007ffeef320000 - 0x00007ffeef334000 	C:\Windows\System32\profapi.dll
0x00007ffeed8a0000 - 0x00007ffeed91a000 	C:\Windows\SYSTEM32\apphelp.dll
0x00007ffee2e20000 - 0x00007ffee3099000 	C:\Windows\WinSxS\amd64_microsoft.windows.common-controls_6595b64144ccf1df_6.0.14393.447_none_42191651c6827bb3\comctl32.dll
0x00007ffeed120000 - 0x00007ffeed146000 	C:\Windows\SYSTEM32\DWMAPI.DLL
0x00007ffeeda80000 - 0x00007ffeedb15000 	C:\Windows\system32\uxtheme.dll
0x00007ffef0d90000 - 0x00007ffef0eeb000 	C:\Windows\System32\MSCTF.dll
0x00007ffef0c40000 - 0x00007ffef0cff000 	C:\Windows\System32\OLEAUT32.dll
0x00007ffeef920000 - 0x00007ffeef9bc000 	C:\Windows\System32\msvcp_win.dll
0x00007ffec9cb0000 - 0x00007ffec9d48000 	C:\Program Files\Common Files\microsoft shared\ink\tiptsf.dll
0x000000006d340000 - 0x000000006d3ab000 	C:\Users\caiyikai\MyEclipse\Common\binary\com.sun.java.jdk.win32.x86_64_1.6.0.013\jre\bin\fontmanager.dll
0x000000006d6a0000 - 0x000000006d6b7000 	C:\Users\caiyikai\MyEclipse\Common\binary\com.sun.java.jdk.win32.x86_64_1.6.0.013\jre\bin\net.dll
0x00007ffef13e0000 - 0x00007ffef144a000 	C:\Windows\System32\WS2_32.dll
0x00007ffeeebc0000 - 0x00007ffeeec1c000 	C:\Windows\system32\mswsock.dll
0x000000006d6c0000 - 0x000000006d6cb000 	C:\Users\caiyikai\MyEclipse\Common\binary\com.sun.java.jdk.win32.x86_64_1.6.0.013\jre\bin\nio.dll
0x00007ffef0550000 - 0x00007ffef05ef000 	C:\Windows\System32\clbcatq.dll
0x00007ffeedde0000 - 0x00007ffeedefc000 	C:\Windows\system32\twinapi.appcore.dll
0x00007ffedcd70000 - 0x00007ffedcf1a000 	C:\Windows\System32\uiautomationcore.dll
0x00007ffeeea40000 - 0x00007ffeeea5f000 	C:\Windows\System32\USERENV.dll
0x00007ffeef1a0000 - 0x00007ffeef238000 	C:\Windows\SYSTEM32\sxs.dll
0x00007ffee1760000 - 0x00007ffee17c5000 	C:\Windows\System32\OLEACC.dll
0x00007ffed27b0000 - 0x00007ffed282d000 	C:\Windows\SYSTEM32\twinapi.dll
0x00007ffee0c40000 - 0x00007ffee0c4a000 	C:\Windows\system32\VERSION.dll
0x00007ffee1860000 - 0x00007ffee1867000 	C:\Windows\system32\MSIMG32.dll
0x00007ffebe7c0000 - 0x00007ffebf074000 	C:\Windows\system32\SogouPy.ime
0x00007ffeee6a0000 - 0x00007ffeee6d2000 	C:\Windows\SYSTEM32\ntmarta.dll
0x00007ffebb1d0000 - 0x00007ffebb406000 	C:\Program Files (x86)\SogouInput\Components\PicFace\1.0.0.1675\PicFace64.dll
0x0000000010000000 - 0x00000000100dd000 	C:\Program Files (x86)\SogouInput\8.4.0.1062\Resource.dll
0x00007ffeee990000 - 0x00007ffeeea30000 	C:\Windows\SYSTEM32\DNSAPI.dll
0x00007ffef0450000 - 0x00007ffef0458000 	C:\Windows\System32\NSI.dll
0x00007ffeee950000 - 0x00007ffeee988000 	C:\Windows\SYSTEM32\IPHLPAPI.DLL
0x00007ffed1150000 - 0x00007ffed115a000 	C:\Windows\System32\rasadhlp.dll
0x00007ffee5e70000 - 0x00007ffee5eda000 	C:\Windows\System32\fwpuclnt.dll

VM Arguments:
jvm_args: -Dfile.encoding=GBK 
java_command: Application.Login
Launcher Type: SUN_STANDARD

Environment Variables:
CLASSPATH=D:\jdk1.7_32\jre\lib\rt.jar;.;D:\jdk1.8_32\jre\lib\rt.jar;
PATH=C:\Anaconda2\envs\Anaconda3\Lib\site-packages\PyQt5;C:\Program Files\NVIDIA GPU Computing Toolkit\CUDA\v8.0\bin;C:\Program Files\NVIDIA GPU Computing Toolkit\CUDA\v8.0\libnvvp;C:\Program Files (x86)\Common Files\Intel\Shared Files\cpp\bin\Intel64;C:\ProgramData\Oracle\Java\javapath;D:\app\caiyikai\product\11.2.0\dbhome_1\bin;C:\Windows\system32;C:\Windows;C:\Windows\System32\Wbem;C:\Windows\System32\WindowsPowerShell\v1.0\;C:\Program Files\Intel\WiFi\bin\;C:\Program Files\Common Files\Intel\WirelessCommon\;C:\Program Files (x86)\Microsoft SQL Server\90\Tools\binn\;C:\Program Files (x86)\Microsoft SQL Server\100\Tools\Binn\;C:\Program Files\Microsoft SQL Server\100\Tools\Binn\;C:\Program Files\Microsoft SQL Server\100\DTS\Binn\;C:\Program Files (x86)\Microsoft SQL Server\100\Tools\Binn\VSShell\Common7\IDE\;C:\Program Files (x86)\Microsoft Visual Studio 9.0\Common7\IDE\PrivateAssemblies\;C:\Program Files (x86)\Microsoft SQL Server\100\DTS\Binn\;C:\Program Files (x86)\Kingdee\K3ERP\KDSYSTEM;C:\Anaconda2;C:\Anaconda2\Scripts;C:\Anaconda2\Library\bin;C:\Anaconda3;C:\Anaconda3\Scripts;C:\Anaconda3\Library\bin;C:\Program Files (x86)\NVIDIA Corporation\PhysX\Common;D:\Program Files\MATLAB\R2016b\runtime\win64;D:\Program Files\MATLAB\R2016b\bin;D:\Program Files\MATLAB\R2016b\polyspace\bin;C:\Users\caiyikai\AppData\Local\Microsoft\WindowsApps;D:\jdk1.7_32\bin;D:\jdk1.8_32\bin;C:\Anaconda2;C:\Program Files\NVIDIA GPU Computing Toolkit\CUDA\v8.0;C:\Program Files\NVIDIA GPU Computing Toolkit\CUDA\v8.0\lib\x64;C:\Program Files\NVIDIA GPU Computing Toolkit\CUDA\v8.0\bin
USERNAME=caiyikai
OS=Windows_NT
PROCESSOR_IDENTIFIER=Intel64 Family 6 Model 78 Stepping 3, GenuineIntel



---------------  S Y S T E M  ---------------

OS: Windows NT 6.2 Build 9200 

CPU:total 4 (8 cores per cpu, 2 threads per core) family 6 model 14 stepping 3, cmov, cx8, fxsr, mmx, sse, sse2, sse3, ssse3, ht

Memory: 4k page, physical 8299424k(3912424k free), swap 8823712k(2762992k free)

vm_info: Java HotSpot(TM) 64-Bit Server VM (11.3-b02) for windows-amd64 JRE (1.6.0_13-b03), built on Mar  9 2009 10:50:19 by "java_re" with MS VC++ 8.0

time: Sat Jul 22 16:43:40 2017
elapsed time: 26 seconds

