#
# An unexpected error has been detected by Java Runtime Environment:
#
#  EXCEPTION_ACCESS_VIOLATION (0xc0000005) at pc=0x000000006da3b2d8, pid=2008, tid=6436
#
# Java VM: Java HotSpot(TM) 64-Bit Server VM (11.3-b02 mixed mode windows-amd64)
# Problematic frame:
# V  [jvm.dll+0x1ab2d8]
#
# If you would like to submit a bug report, please visit:
#   http://java.sun.com/webapps/bugreport/crash.jsp
#

---------------  T H R E A D  ---------------

Current thread (0x000000000607e400):  JavaThread "Java2D Disposer" daemon [_thread_in_vm, id=6436, stack(0x0000000006ac0000,0x0000000006bc0000)]

siginfo: ExceptionCode=0xc0000005, reading address 0x0000000000000011

Registers:
EAX=0x0000000006bbf378, EBX=0x0000000006076c38, ECX=0x0000000000000000, EDX=0x000000000607e400
ESP=0x0000000006bbf2d0, EBP=0x0000000000000000, ESI=0x0000000006072890, EDI=0x0000000006bbf550
EIP=0x000000006da3b2d8, EFLAGS=0x0000000000010203

Top of Stack: (sp=0x0000000006bbf2d0)
0x0000000006bbf2d0:   6a5f6176614a0000 0000000000000001
0x0000000006bbf2e0:   000000000000000c 000000000607e400
0x0000000006bbf2f0:   00000000006c706d 000000000607e400
0x0000000006bbf300:   0000000006072890 0000000006076800
0x0000000006bbf310:   0000000006076810 0000000006076be8
0x0000000006bbf320:   0000000006076c48 000000006dc813a3
0x0000000006bbf330:   0000000006076be8 0000000006076c38
0x0000000006bbf340:   000000000607e400 0000000006076c38
0x0000000006bbf350:   000000006d450000 0000000006bbf550
0x0000000006bbf360:   000000000607e5c0 000000006da2f52c
0x0000000006bbf370:   0000000006010140 0000000006076c30
0x0000000006bbf380:   0000000006bbf2a8 0000000006bbf2e8
0x0000000006bbf390:   0000000006bbf371 0000000800000002
0x0000000006bbf3a0:   0000000006bbf600 000000006db96bda
0x0000000006bbf3b0:   0000020f4dac066e 000000006dc19fd2
0x0000000006bbf3c0:   0000000006076c30 0000000006076c30 

Instructions: (pc=0x000000006da3b2d8)
0x000000006da3b2c8:   00 00 4c 89 2c c8 ff 84 24 98 01 00 00 4c 8b 03
0x000000006da3b2d8:   49 8b 40 10 4d 8b 40 18 0f b7 48 3a 4d 8b 44 c8 


Stack: [0x0000000006ac0000,0x0000000006bc0000],  sp=0x0000000006bbf2d0,  free space=1020k
Native frames: (J=compiled Java code, j=interpreted, Vv=VM code, C=native code)
V  [jvm.dll+0x1ab2d8]

[error occurred during error reporting (printing native stack), id 0xc0000005]

Java frames: (J=compiled Java code, j=interpreted, Vv=VM code)
j  java.awt.Cursor.finalizeImpl(J)V+0
j  java.awt.Cursor.access$000(J)V+1
j  java.awt.Cursor$CursorDisposer.dispose()V+13
j  sun.java2d.Disposer.run()V+26
j  java.lang.Thread.run()V+11
v  ~StubRoutines::call_stub

---------------  P R O C E S S  ---------------

Java Threads: ( => current thread )
  0x0000000006081c00 JavaThread "Thread-1" daemon [_thread_in_native, id=6896, stack(0x0000000008710000,0x0000000008810000)]
  0x0000000006081000 JavaThread "Abandoned connection cleanup thread" daemon [_thread_blocked, id=3312, stack(0x0000000008550000,0x0000000008650000)]
  0x0000000006080800 JavaThread "TimerQueue" daemon [_thread_blocked, id=6048, stack(0x0000000007670000,0x0000000007770000)]
  0x0000000006080000 JavaThread "DestroyJavaVM" [_thread_blocked, id=6692, stack(0x00000000025f0000,0x00000000026f0000)]
  0x000000000607f800 JavaThread "AWT-EventQueue-0" [_thread_blocked, id=792, stack(0x00000000071c0000,0x00000000072c0000)]
  0x000000000607f400 JavaThread "AWT-Windows" daemon [_thread_in_native, id=5692, stack(0x0000000006ed0000,0x0000000006fd0000)]
  0x000000000607ec00 JavaThread "AWT-Shutdown" [_thread_blocked, id=6088, stack(0x0000000006cb0000,0x0000000006db0000)]
=>0x000000000607e400 JavaThread "Java2D Disposer" daemon [_thread_in_vm, id=6436, stack(0x0000000006ac0000,0x0000000006bc0000)]
  0x000000000607dc00 JavaThread "Low Memory Detector" daemon [_thread_blocked, id=3912, stack(0x00000000068c0000,0x00000000069c0000)]
  0x0000000006075000 JavaThread "CompilerThread1" daemon [_thread_blocked, id=6212, stack(0x00000000067c0000,0x00000000068c0000)]
  0x0000000006071c00 JavaThread "CompilerThread0" daemon [_thread_blocked, id=6428, stack(0x00000000066c0000,0x00000000067c0000)]
  0x000000000606e000 JavaThread "Attach Listener" daemon [_thread_blocked, id=5216, stack(0x00000000065c0000,0x00000000066c0000)]
  0x000000000606d400 JavaThread "Signal Dispatcher" daemon [_thread_blocked, id=6556, stack(0x00000000064c0000,0x00000000065c0000)]
  0x0000000006008400 JavaThread "Finalizer" daemon [_thread_blocked, id=6744, stack(0x00000000063c0000,0x00000000064c0000)]
  0x00000000005fe400 JavaThread "Reference Handler" daemon [_thread_blocked, id=876, stack(0x00000000062c0000,0x00000000063c0000)]

Other Threads:
  0x00000000005fa400 VMThread [stack: 0x00000000061c0000,0x00000000062c0000] [id=5296]
  0x0000000006086c00 WatcherThread [stack: 0x00000000069c0000,0x0000000006ac0000] [id=6576]

VM state:not at safepoint (normal execution)

VM Mutex/Monitor currently owned by a thread: None

Heap
 PSYoungGen      total 37760K, used 7074K [0x00000000d9950000, 0x00000000dc370000, 0x0000000103bf0000)
  eden space 32384K, 8% used [0x00000000d9950000,0x00000000d9bdb018,0x00000000db8f0000)
  from space 5376K, 83% used [0x00000000db8f0000,0x00000000dbd4da80,0x00000000dbe30000)
  to   space 5376K, 0% used [0x00000000dbe30000,0x00000000dbe30000,0x00000000dc370000)
 PSOldGen        total 86400K, used 0K [0x00000000853f0000, 0x000000008a850000, 0x00000000d9950000)
  object space 86400K, 0% used [0x00000000853f0000,0x00000000853f0000,0x000000008a850000)
 PSPermGen       total 21248K, used 17393K [0x000000007fff0000, 0x00000000814b0000, 0x00000000853f0000)
  object space 21248K, 81% used [0x000000007fff0000,0x00000000810ec6a8,0x00000000814b0000)

Dynamic libraries:
0x0000000000400000 - 0x000000000042e000 	C:\Users\Administrator\AppData\Local\MyEclipse\Common\binary\com.sun.java.jdk.win32.x86_64_1.6.0.013\bin\javaw.exe
0x0000000076d60000 - 0x0000000076f0a000 	C:\Windows\SYSTEM32\ntdll.dll
0x0000000076b40000 - 0x0000000076c5f000 	C:\Windows\system32\kernel32.dll
0x000007fefcdb0000 - 0x000007fefce1a000 	C:\Windows\system32\KERNELBASE.dll
0x000007fefe600000 - 0x000007fefe6db000 	C:\Windows\system32\ADVAPI32.dll
0x000007fefd070000 - 0x000007fefd10f000 	C:\Windows\system32\msvcrt.dll
0x000007fefe580000 - 0x000007fefe59f000 	C:\Windows\SYSTEM32\sechost.dll
0x000007fefee30000 - 0x000007fefef5d000 	C:\Windows\system32\RPCRT4.dll
0x0000000076c60000 - 0x0000000076d5a000 	C:\Windows\system32\USER32.dll
0x000007fefedc0000 - 0x000007fefee27000 	C:\Windows\system32\GDI32.dll
0x000007fefe7c0000 - 0x000007fefe7ce000 	C:\Windows\system32\LPK.dll
0x000007fefea00000 - 0x000007fefeaca000 	C:\Windows\system32\USP10.dll
0x000007fefe2f0000 - 0x000007fefe31e000 	C:\Windows\system32\IMM32.DLL
0x000007fefef60000 - 0x000007feff069000 	C:\Windows\system32\MSCTF.dll
0x000000006d890000 - 0x000000006de48000 	C:\Users\Administrator\AppData\Local\MyEclipse\Common\binary\com.sun.java.jdk.win32.x86_64_1.6.0.013\jre\bin\server\jvm.dll
0x000007fef9c90000 - 0x000007fef9ccb000 	C:\Windows\system32\WINMM.dll
0x000000006d3b0000 - 0x000000006d3ba000 	C:\Users\Administrator\AppData\Local\MyEclipse\Common\binary\com.sun.java.jdk.win32.x86_64_1.6.0.013\jre\bin\hpi.dll
0x0000000076f30000 - 0x0000000076f37000 	C:\Windows\system32\PSAPI.DLL
0x000000006d800000 - 0x000000006d80e000 	C:\Users\Administrator\AppData\Local\MyEclipse\Common\binary\com.sun.java.jdk.win32.x86_64_1.6.0.013\jre\bin\verify.dll
0x000000006d450000 - 0x000000006d477000 	C:\Users\Administrator\AppData\Local\MyEclipse\Common\binary\com.sun.java.jdk.win32.x86_64_1.6.0.013\jre\bin\java.dll
0x000000006d850000 - 0x000000006d862000 	C:\Users\Administrator\AppData\Local\MyEclipse\Common\binary\com.sun.java.jdk.win32.x86_64_1.6.0.013\jre\bin\zip.dll
0x000000006d0a0000 - 0x000000006d262000 	C:\Users\Administrator\AppData\Local\MyEclipse\Common\binary\com.sun.java.jdk.win32.x86_64_1.6.0.013\jre\bin\awt.dll
0x000007fef9ef0000 - 0x000007fef9f61000 	C:\Windows\system32\WINSPOOL.DRV
0x000007fefeb50000 - 0x000007fefed53000 	C:\Windows\system32\ole32.dll
0x000007fefd110000 - 0x000007fefde99000 	C:\Windows\system32\SHELL32.dll
0x000007fefead0000 - 0x000007fefeb41000 	C:\Windows\system32\SHLWAPI.dll
0x000007fefb700000 - 0x000007fefb8f4000 	C:\Windows\WinSxS\amd64_microsoft.windows.common-controls_6595b64144ccf1df_6.0.7601.18837_none_fa3b1e3d17594757\comctl32.dll
0x000007fefafe0000 - 0x000007fefaff8000 	C:\Windows\system32\DWMAPI.DLL
0x000007fefb3c0000 - 0x000007fefb416000 	C:\Windows\system32\uxtheme.dll
0x0000000180000000 - 0x0000000180013000 	C:\Program Files (x86)\Mythware\极域电子教室软件 v4.0 2015 豪华版\LibTDProcHook64.dll
0x000007fefcb50000 - 0x000007fefcb5f000 	C:\Windows\system32\CRYPTBASE.dll
0x000000006d340000 - 0x000000006d3ab000 	C:\Users\Administrator\AppData\Local\MyEclipse\Common\binary\com.sun.java.jdk.win32.x86_64_1.6.0.013\jre\bin\fontmanager.dll
0x000000006d6a0000 - 0x000000006d6b7000 	C:\Users\Administrator\AppData\Local\MyEclipse\Common\binary\com.sun.java.jdk.win32.x86_64_1.6.0.013\jre\bin\net.dll
0x000007fefe5b0000 - 0x000007fefe5fd000 	C:\Windows\system32\WS2_32.dll
0x000007fefe5a0000 - 0x000007fefe5a8000 	C:\Windows\system32\NSI.dll
0x000007fefc460000 - 0x000007fefc4b5000 	C:\Windows\system32\mswsock.dll
0x000007fefc450000 - 0x000007fefc457000 	C:\Windows\System32\wship6.dll
0x000000006d6c0000 - 0x000000006d6cb000 	C:\Users\Administrator\AppData\Local\MyEclipse\Common\binary\com.sun.java.jdk.win32.x86_64_1.6.0.013\jre\bin\nio.dll
0x000007fefe6e0000 - 0x000007fefe7b8000 	C:\Windows\system32\OLEAUT32.DLL
0x000007fefbe60000 - 0x000007fefbe67000 	C:\Windows\System32\wshtcpip.dll
0x000007fefc4c0000 - 0x000007fefc4d8000 	C:\Windows\system32\CRYPTSP.dll
0x000007fefc1c0000 - 0x000007fefc207000 	C:\Windows\system32\rsaenh.dll
0x000007fefcc40000 - 0x000007fefcc54000 	C:\Windows\system32\RpcRtRemote.dll

VM Arguments:
jvm_args: -Dfile.encoding=UTF-8 
java_command: Application.Login
Launcher Type: SUN_STANDARD

Environment Variables:
JAVA_HOME=D:\Program Files\Java\jdk1.8.0_131
PATH=D:\Program Files\Java\jdk1.8.0_131\bin;C:\ProgramData\Oracle\Java\javapath;C:\Windows\system32;C:\Windows;C:\Windows\System32\Wbem;C:\Windows\System32\WindowsPowerShell\v1.0\;C:\Program Files (x86)\VisualSVN Server\bin;C:\Program Files\TortoiseSVN\bin
USERNAME=Administrator
OS=Windows_NT
PROCESSOR_IDENTIFIER=Intel64 Family 6 Model 60 Stepping 3, GenuineIntel



---------------  S Y S T E M  ---------------

OS: Windows NT 6.1 Build 7601 Service Pack 1

CPU:total 2 (8 cores per cpu, 2 threads per core) family 6 model 12 stepping 3, cmov, cx8, fxsr, mmx, sse, sse2, sse3, ssse3, ht

Memory: 4k page, physical 8286708k(4342676k free), swap 16571556k(12066108k free)

vm_info: Java HotSpot(TM) 64-Bit Server VM (11.3-b02) for windows-amd64 JRE (1.6.0_13-b03), built on Mar  9 2009 10:50:19 by "java_re" with MS VC++ 8.0

time: Fri Jul 21 17:15:13 2017
elapsed time: 25 seconds

