#
# An unexpected error has been detected by Java Runtime Environment:
#
#  EXCEPTION_ACCESS_VIOLATION (0xc0000005) at pc=0x000000006da3b2d8, pid=8308, tid=5912
#
# Java VM: Java HotSpot(TM) 64-Bit Server VM (11.3-b02 mixed mode windows-amd64)
# Problematic frame:
# V  [jvm.dll+0x1ab2d8]
#
# If you would like to submit a bug report, please visit:
#   http://java.sun.com/webapps/bugreport/crash.jsp
#

---------------  T H R E A D  ---------------

Current thread (0x00000000062df800):  JavaThread "Java2D Disposer" daemon [_thread_in_vm, id=5912, stack(0x0000000006d60000,0x0000000006e60000)]

siginfo: ExceptionCode=0xc0000005, reading address 0x0000000000000011

Registers:
EAX=0x0000000006e5f478, EBX=0x0000000006283428, ECX=0x0000000000000000, EDX=0x00000000062df800
ESP=0x0000000006e5f3d0, EBP=0x0000000000000000, ESI=0x000000000627e840, EDI=0x0000000006e5f650
EIP=0x000000006da3b2d8, EFLAGS=0x0000000000010203

Top of Stack: (sp=0x0000000006e5f3d0)
0x0000000006e5f3d0:   0000000000000040 00000000001a0cc0
0x0000000006e5f3e0:   0000000000000037 0000000002000002
0x0000000006e5f3f0:   000000000000037f 0000000000000040
0x0000000006e5f400:   000000000627e840 0000000006283fb0
0x0000000006e5f410:   0000000006283fc0 0000000006284398
0x0000000006e5f420:   0000000000000030 0000000006e5f540
0x0000000006e5f430:   0000000000000004 00007ffcf58a7a68
0x0000000006e5f440:   0000000000000101 0000000000000000
0x0000000006e5f450:   0000000000000030 0000000006e5f650
0x0000000006e5f460:   00000000062df9c0 000000006da2f52c
0x0000000006e5f470:   0000000006010101 0000000006283420
0x0000000006e5f480:   0000000006e5f301 0000000000000024
0x0000000006e5f490:   0000000000000120 0000000800000101
0x0000000006e5f4a0:   0000000000000101 0000000000000012
0x0000000006e5f4b0:   0000000200000025 0000000000000101
0x0000000006e5f4c0:   0000000006283420 0000000006283420 

Instructions: (pc=0x000000006da3b2d8)
0x000000006da3b2c8:   00 00 4c 89 2c c8 ff 84 24 98 01 00 00 4c 8b 03
0x000000006da3b2d8:   49 8b 40 10 4d 8b 40 18 0f b7 48 3a 4d 8b 44 c8 


Stack: [0x0000000006d60000,0x0000000006e60000],  sp=0x0000000006e5f3d0,  free space=1020k
Native frames: (J=compiled Java code, j=interpreted, Vv=VM code, C=native code)
V  [jvm.dll+0x1ab2d8]

[error occurred during error reporting (printing native stack), id 0xc0000005]

Java frames: (J=compiled Java code, j=interpreted, Vv=VM code)
j  java.awt.Cursor.finalizeImpl(J)V+0
j  java.awt.Cursor.access$000(J)V+1
j  java.awt.Cursor$CursorDisposer.dispose()V+13
j  sun.java2d.Disposer.run()V+26
j  java.lang.Thread.run()V+11
v  ~StubRoutines::call_stub

---------------  P R O C E S S  ---------------

Java Threads: ( => current thread )
  0x0000000007bf3400 JavaThread "Thread-1" daemon [_thread_in_native, id=14056, stack(0x0000000011a20000,0x0000000011b20000)]
  0x0000000007bfdc00 JavaThread "Abandoned connection cleanup thread" daemon [_thread_blocked, id=11592, stack(0x000000000f050000,0x000000000f150000)]
  0x000000000845fc00 JavaThread "TimerQueue" daemon [_thread_blocked, id=11240, stack(0x000000000a7c0000,0x000000000a8c0000)]
  0x00000000001cc400 JavaThread "DestroyJavaVM" [_thread_blocked, id=10188, stack(0x00000000023f0000,0x00000000024f0000)]
  0x0000000006352000 JavaThread "AWT-EventQueue-0" [_thread_blocked, id=12272, stack(0x0000000007200000,0x0000000007300000)]
  0x00000000062e0800 JavaThread "AWT-Windows" daemon [_thread_blocked, id=14144, stack(0x0000000007030000,0x0000000007130000)]
  0x00000000062e0000 JavaThread "AWT-Shutdown" [_thread_blocked, id=9436, stack(0x0000000006f30000,0x0000000007030000)]
=>0x00000000062df800 JavaThread "Java2D Disposer" daemon [_thread_in_vm, id=5912, stack(0x0000000006d60000,0x0000000006e60000)]
  0x000000000627f000 JavaThread "Low Memory Detector" daemon [_thread_blocked, id=8904, stack(0x0000000006ac0000,0x0000000006bc0000)]
  0x0000000006279000 JavaThread "CompilerThread1" daemon [_thread_blocked, id=6084, stack(0x00000000069c0000,0x0000000006ac0000)]
  0x0000000006273c00 JavaThread "CompilerThread0" daemon [_thread_blocked, id=5860, stack(0x00000000068c0000,0x00000000069c0000)]
  0x0000000006273800 JavaThread "Attach Listener" daemon [_thread_blocked, id=11512, stack(0x00000000067c0000,0x00000000068c0000)]
  0x0000000006272c00 JavaThread "Signal Dispatcher" daemon [_thread_blocked, id=736, stack(0x00000000066c0000,0x00000000067c0000)]
  0x00000000025ee000 JavaThread "Finalizer" daemon [_thread_blocked, id=11384, stack(0x00000000065c0000,0x00000000066c0000)]
  0x00000000025ed000 JavaThread "Reference Handler" daemon [_thread_blocked, id=12796, stack(0x00000000064c0000,0x00000000065c0000)]

Other Threads:
  0x0000000006221c00 VMThread [stack: 0x00000000063c0000,0x00000000064c0000] [id=14364]
  0x0000000006281800 WatcherThread [stack: 0x0000000006bc0000,0x0000000006cc0000] [id=6036]

VM state:synchronizing (normal execution)

VM Mutex/Monitor currently owned by a thread:  ([mutex/lock_event])
[0x00000000001c9da0] UNKNOWN - owner thread: 0x0000000006221c00

Heap
 PSYoungGen      total 37824K, used 7967K [0x00000000d9bf0000, 0x00000000dc620000, 0x0000000103ff0000)
  eden space 32448K, 8% used [0x00000000d9bf0000,0x00000000d9e7c460,0x00000000dbba0000)
  from space 5376K, 99% used [0x00000000dbba0000,0x00000000dc0db9b8,0x00000000dc0e0000)
  to   space 5376K, 0% used [0x00000000dc0e0000,0x00000000dc0e0000,0x00000000dc620000)
 PSOldGen        total 86528K, used 676K [0x00000000853f0000, 0x000000008a870000, 0x00000000d9bf0000)
  object space 86528K, 0% used [0x00000000853f0000,0x00000000854990a0,0x000000008a870000)
 PSPermGen       total 21248K, used 18147K [0x000000007fff0000, 0x00000000814b0000, 0x00000000853f0000)
  object space 21248K, 85% used [0x000000007fff0000,0x00000000811a8cd0,0x00000000814b0000)

Dynamic libraries:
0x0000000000400000 - 0x000000000042e000 	C:\Users\caiyikai\MyEclipse\Common\binary\com.sun.java.jdk.win32.x86_64_1.6.0.013\bin\javaw.exe
0x00007ffcf5870000 - 0x00007ffcf5a41000 	C:\Windows\SYSTEM32\ntdll.dll
0x00007ffcf55a0000 - 0x00007ffcf564b000 	C:\Windows\System32\KERNEL32.DLL
0x00007ffcf2350000 - 0x00007ffcf256d000 	C:\Windows\System32\KERNELBASE.dll
0x00007ffcf57c0000 - 0x00007ffcf5862000 	C:\Windows\System32\ADVAPI32.dll
0x00007ffcf3490000 - 0x00007ffcf352e000 	C:\Windows\System32\msvcrt.dll
0x00007ffcf5650000 - 0x00007ffcf56a9000 	C:\Windows\System32\sechost.dll
0x00007ffcf35f0000 - 0x00007ffcf3711000 	C:\Windows\System32\RPCRT4.dll
0x00007ffcf5430000 - 0x00007ffcf5595000 	C:\Windows\System32\USER32.dll
0x00007ffcf2700000 - 0x00007ffcf271e000 	C:\Windows\System32\win32u.dll
0x00007ffcf52b0000 - 0x00007ffcf52e4000 	C:\Windows\System32\GDI32.dll
0x00007ffcf2570000 - 0x00007ffcf26f2000 	C:\Windows\System32\gdi32full.dll
0x00007ffcf5710000 - 0x00007ffcf573e000 	C:\Windows\System32\IMM32.DLL
0x000000006d890000 - 0x000000006de48000 	C:\Users\caiyikai\MyEclipse\Common\binary\com.sun.java.jdk.win32.x86_64_1.6.0.013\jre\bin\server\jvm.dll
0x00007ffcefbf0000 - 0x00007ffcefc13000 	C:\Windows\SYSTEM32\WINMM.dll
0x0000000000430000 - 0x000000000045b000 	C:\Windows\SYSTEM32\WINMMBASE.dll
0x00007ffcf1d60000 - 0x00007ffcf1da2000 	C:\Windows\System32\cfgmgr32.dll
0x000000006d3b0000 - 0x000000006d3ba000 	C:\Users\caiyikai\MyEclipse\Common\binary\com.sun.java.jdk.win32.x86_64_1.6.0.013\jre\bin\hpi.dll
0x00007ffcf5740000 - 0x00007ffcf5748000 	C:\Windows\System32\PSAPI.DLL
0x000000006d800000 - 0x000000006d80e000 	C:\Users\caiyikai\MyEclipse\Common\binary\com.sun.java.jdk.win32.x86_64_1.6.0.013\jre\bin\verify.dll
0x000000006d450000 - 0x000000006d477000 	C:\Users\caiyikai\MyEclipse\Common\binary\com.sun.java.jdk.win32.x86_64_1.6.0.013\jre\bin\java.dll
0x000000006d850000 - 0x000000006d862000 	C:\Users\caiyikai\MyEclipse\Common\binary\com.sun.java.jdk.win32.x86_64_1.6.0.013\jre\bin\zip.dll
0x000000006d0a0000 - 0x000000006d262000 	C:\Users\caiyikai\MyEclipse\Common\binary\com.sun.java.jdk.win32.x86_64_1.6.0.013\jre\bin\awt.dll
0x00007ffcf52f0000 - 0x00007ffcf5427000 	C:\Windows\System32\ole32.dll
0x00007ffcf3930000 - 0x00007ffcf3bf8000 	C:\Windows\System32\combase.dll
0x00007ffce41d0000 - 0x00007ffce4255000 	C:\Windows\SYSTEM32\WINSPOOL.DRV
0x00007ffcf1db0000 - 0x00007ffcf1ea5000 	C:\Windows\System32\ucrtbase.dll
0x00007ffcf2190000 - 0x00007ffcf21fa000 	C:\Windows\System32\bcryptPrimitives.dll
0x00007ffcf3da0000 - 0x00007ffcf52a9000 	C:\Windows\System32\SHELL32.dll
0x00007ffcf1c10000 - 0x00007ffcf1c3b000 	C:\Windows\SYSTEM32\bcrypt.dll
0x00007ffcf2720000 - 0x00007ffcf2dfa000 	C:\Windows\System32\windows.storage.dll
0x00007ffcf1ce0000 - 0x00007ffcf1d2c000 	C:\Windows\System32\powrprof.dll
0x00007ffcf56b0000 - 0x00007ffcf5702000 	C:\Windows\System32\shlwapi.dll
0x00007ffcf1d50000 - 0x00007ffcf1d5f000 	C:\Windows\System32\kernel.appcore.dll
0x00007ffcf2200000 - 0x00007ffcf22a9000 	C:\Windows\System32\shcore.dll
0x00007ffcf1d30000 - 0x00007ffcf1d44000 	C:\Windows\System32\profapi.dll
0x00007ffcf0250000 - 0x00007ffcf02ca000 	C:\Windows\SYSTEM32\apphelp.dll
0x00007ffce57e0000 - 0x00007ffce5a59000 	C:\Windows\WinSxS\amd64_microsoft.windows.common-controls_6595b64144ccf1df_6.0.14393.447_none_42191651c6827bb3\comctl32.dll
0x00007ffcefad0000 - 0x00007ffcefaf6000 	C:\Windows\SYSTEM32\DWMAPI.DLL
0x00007ffcf0430000 - 0x00007ffcf04c5000 	C:\Windows\system32\uxtheme.dll
0x00007ffcf37b0000 - 0x00007ffcf390b000 	C:\Windows\System32\MSCTF.dll
0x00007ffcf2ea0000 - 0x00007ffcf2f5f000 	C:\Windows\System32\OLEAUT32.dll
0x00007ffcf22b0000 - 0x00007ffcf234c000 	C:\Windows\System32\msvcp_win.dll
0x00007ffce1890000 - 0x00007ffce1928000 	C:\Program Files\Common Files\microsoft shared\ink\tiptsf.dll
0x00007ffce2030000 - 0x00007ffce204c000 	D:\Dict\7.2.0.0703\WordStrokeHelper64.dll
0x000000006d340000 - 0x000000006d3ab000 	C:\Users\caiyikai\MyEclipse\Common\binary\com.sun.java.jdk.win32.x86_64_1.6.0.013\jre\bin\fontmanager.dll
0x000000006d6a0000 - 0x000000006d6b7000 	C:\Users\caiyikai\MyEclipse\Common\binary\com.sun.java.jdk.win32.x86_64_1.6.0.013\jre\bin\net.dll
0x00007ffcf5750000 - 0x00007ffcf57ba000 	C:\Windows\System32\WS2_32.dll
0x00007ffcf1570000 - 0x00007ffcf15cc000 	C:\Windows\system32\mswsock.dll
0x000000006d6c0000 - 0x000000006d6cb000 	C:\Users\caiyikai\MyEclipse\Common\binary\com.sun.java.jdk.win32.x86_64_1.6.0.013\jre\bin\nio.dll
0x00007ffcf2e00000 - 0x00007ffcf2e9f000 	C:\Windows\System32\clbcatq.dll
0x00007ffce2990000 - 0x00007ffce29d9000 	C:\Windows\system32\dataexchange.dll
0x00007ffceef90000 - 0x00007ffcef246000 	C:\Windows\system32\d3d11.dll
0x00007ffceffe0000 - 0x00007ffcf0131000 	C:\Windows\system32\dcomp.dll
0x00007ffcf0c30000 - 0x00007ffcf0ccf000 	C:\Windows\system32\dxgi.dll
0x00007ffcf0790000 - 0x00007ffcf08ac000 	C:\Windows\system32\twinapi.appcore.dll
0x00007ffcb3b10000 - 0x00007ffcb3dc7000 	D:\Dict\7.2.0.0703\TextExtractorImpl64.dll
0x00007ffce4160000 - 0x00007ffce41c5000 	C:\Windows\SYSTEM32\OLEACC.dll
0x00007ffce4260000 - 0x00007ffce4267000 	C:\Windows\SYSTEM32\MSIMG32.dll
0x00007ffce3fc0000 - 0x00007ffce415a000 	C:\Windows\WinSxS\amd64_microsoft.windows.gdiplus_6595b64144ccf1df_1.1.14393.321_none_72fe05dd211a5fae\gdiplus.dll
0x00007ffce3320000 - 0x00007ffce34ca000 	C:\Windows\System32\uiautomationcore.dll
0x00007ffcf13f0000 - 0x00007ffcf140f000 	C:\Windows\System32\USERENV.dll
0x00007ffcf1b50000 - 0x00007ffcf1be8000 	C:\Windows\SYSTEM32\sxs.dll
0x00007ffce2130000 - 0x00007ffce21ad000 	C:\Windows\SYSTEM32\twinapi.dll
0x00007ffccbb50000 - 0x00007ffccbd3a000 	C:\Windows\system32\sogoutsf.ime
0x00007ffce3680000 - 0x00007ffce368a000 	C:\Windows\system32\VERSION.dll
0x00007ffcc2f10000 - 0x00007ffcc37c4000 	C:\Windows\system32\SogouPy.ime
0x00007ffcf1050000 - 0x00007ffcf1082000 	C:\Windows\SYSTEM32\ntmarta.dll
0x00007ffcc8910000 - 0x00007ffcc8b46000 	C:\Program Files (x86)\SogouInput\Components\PicFace\1.0.0.1675\PicFace64.dll
0x0000000010000000 - 0x00000000100dd000 	C:\Program Files (x86)\SogouInput\8.4.0.1062\Resource.dll
0x00007ffcf1340000 - 0x00007ffcf13e0000 	C:\Windows\SYSTEM32\DNSAPI.dll
0x00007ffcf3720000 - 0x00007ffcf3728000 	C:\Windows\System32\NSI.dll
0x00007ffcf1300000 - 0x00007ffcf1338000 	C:\Windows\SYSTEM32\IPHLPAPI.DLL
0x00007ffcd4b80000 - 0x00007ffcd4b8a000 	C:\Windows\System32\rasadhlp.dll
0x00007ffce8cb0000 - 0x00007ffce8d1a000 	C:\Windows\System32\fwpuclnt.dll
0x000000006d2b0000 - 0x000000006d2d8000 	C:\Users\caiyikai\MyEclipse\Common\binary\com.sun.java.jdk.win32.x86_64_1.6.0.013\jre\bin\dcpr.dll

VM Arguments:
jvm_args: -Dfile.encoding=GBK 
java_command: Application.Login
Launcher Type: SUN_STANDARD

Environment Variables:
CLASSPATH=D:\jdk1.7_32\jre\lib\rt.jar;.;D:\jdk1.8_32\jre\lib\rt.jar;
PATH=C:\Anaconda2\envs\Anaconda3\Lib\site-packages\PyQt5;C:\Program Files\NVIDIA GPU Computing Toolkit\CUDA\v8.0\bin;C:\Program Files\NVIDIA GPU Computing Toolkit\CUDA\v8.0\libnvvp;C:\Program Files (x86)\Common Files\Intel\Shared Files\cpp\bin\Intel64;C:\ProgramData\Oracle\Java\javapath;D:\app\caiyikai\product\11.2.0\dbhome_1\bin;C:\Windows\system32;C:\Windows;C:\Windows\System32\Wbem;C:\Windows\System32\WindowsPowerShell\v1.0\;C:\Program Files\Intel\WiFi\bin\;C:\Program Files\Common Files\Intel\WirelessCommon\;C:\Program Files (x86)\Microsoft SQL Server\90\Tools\binn\;C:\Program Files (x86)\Microsoft SQL Server\100\Tools\Binn\;C:\Program Files\Microsoft SQL Server\100\Tools\Binn\;C:\Program Files\Microsoft SQL Server\100\DTS\Binn\;C:\Program Files (x86)\Microsoft SQL Server\100\Tools\Binn\VSShell\Common7\IDE\;C:\Program Files (x86)\Microsoft Visual Studio 9.0\Common7\IDE\PrivateAssemblies\;C:\Program Files (x86)\Microsoft SQL Server\100\DTS\Binn\;C:\Program Files (x86)\Kingdee\K3ERP\KDSYSTEM;C:\Anaconda2;C:\Anaconda2\Scripts;C:\Anaconda2\Library\bin;C:\Anaconda3;C:\Anaconda3\Scripts;C:\Anaconda3\Library\bin;C:\Program Files (x86)\NVIDIA Corporation\PhysX\Common;D:\Program Files\MATLAB\R2016b\runtime\win64;D:\Program Files\MATLAB\R2016b\bin;D:\Program Files\MATLAB\R2016b\polyspace\bin;C:\Users\caiyikai\AppData\Local\Microsoft\WindowsApps;D:\jdk1.7_32\bin;D:\jdk1.8_32\bin;C:\Anaconda2;C:\Program Files\NVIDIA GPU Computing Toolkit\CUDA\v8.0;C:\Program Files\NVIDIA GPU Computing Toolkit\CUDA\v8.0\lib\x64;C:\Program Files\NVIDIA GPU Computing Toolkit\CUDA\v8.0\bin
USERNAME=caiyikai
OS=Windows_NT
PROCESSOR_IDENTIFIER=Intel64 Family 6 Model 78 Stepping 3, GenuineIntel



---------------  S Y S T E M  ---------------

OS: Windows NT 6.2 Build 9200 

CPU:total 4 (8 cores per cpu, 2 threads per core) family 6 model 14 stepping 3, cmov, cx8, fxsr, mmx, sse, sse2, sse3, ssse3, ht

Memory: 4k page, physical 8299424k(2910764k free), swap 9716000k(1733976k free)

vm_info: Java HotSpot(TM) 64-Bit Server VM (11.3-b02) for windows-amd64 JRE (1.6.0_13-b03), built on Mar  9 2009 10:50:19 by "java_re" with MS VC++ 8.0

time: Sun Jul 23 09:03:13 2017
elapsed time: 57 seconds

